info it worked if it ends with ok
verbose cli [ 'node', '/usr/local/bin/npm', 'install', 'node' ]
info using npm@1.0.106
info using node@v0.4.2
verbose /usr/local/bin/node node symlink
verbose config file /Users/michaelsteger/.npmrc
verbose config file /usr/local/etc/npmrc
verbose config file /usr/local/lib/node_modules/npm/npmrc
verbose umasking from 77 755
verbose mkdir done: /Users/michaelsteger/play/yaBot 755
verbose into /Users/michaelsteger/play/yaBot [ 'node' ]
verbose cache add node
verbose cache add [ 'node', null ]
silly cache add: name, spec, args [ undefined, 'node', [ 'node', null ] ]
verbose parsed url { pathname: 'node', href: 'node' }
info addNamed [ 'node', '' ]
verbose addNamed [ null, '' ]
verbose GET node
verbose raw, before any munging node
verbose url resolving [ 'http://registry.npmjs.org/', './node' ]
verbose url resolved http://registry.npmjs.org/node
silly get cb [ 404,
silly get cb   { server: 'CouchDB/1.1.0 (Erlang OTP/R14B04)',
silly get cb     date: 'Thu, 01 Dec 2011 04:45:17 GMT',
silly get cb     'content-type': 'application/json',
silly get cb     'content-length': '52',
silly get cb     'cache-control': 'must-revalidate' } ]
ERR! 404 'node' is not in the npm registry.
ERR! 404 You could maybe bug the author to publish it
ERR! 404 Note that you can also install from a tarball or folder.
ERR! 
ERR! System Darwin 10.8.0
ERR! command "node" "/usr/local/bin/npm" "install" "node"
ERR! cwd /Users/michaelsteger/play/yaBot
ERR! node -v v0.4.2
ERR! npm -v 1.0.106
ERR! code E404
verbose exit [ 1, true ]
